<?xml version="1.0" encoding="UTF-8"?>
<!-- Generated by org.testng.reporters.JUnitReportReporter -->
<testsuite skipped="0" hostname="hydlpt091" name="performanceTests.DeviceCreationTest" tests="1" failures="0" timestamp="04 Mar 2019 11:14:51 GMT" time="25.975" errors="0">
  <testcase name="deviceCreationTestPlan" time="25.975" classname="performanceTests.DeviceCreationTest"/>
</testsuite> <!-- performanceTests.DeviceCreationTest -->
