<?xml version="1.0" encoding="UTF-8"?>
<!-- Generated by org.testng.reporters.JUnitReportReporter -->
<testsuite skipped="0" hostname="hydlpt091" name="performanceTests.Tests" tests="2" failures="0" timestamp="05 Mar 2019 04:55:58 GMT" time="36.151" errors="0">
  <testcase name="userCreationTestPlan" time="10.160" classname="performanceTests.Tests"/>
  <testcase name="deviceCreationTestPlan" time="25.991" classname="performanceTests.Tests"/>
</testsuite> <!-- performanceTests.Tests -->
